2013-03-27 13:48:58,583 [/home/page.htm] ERROR screen.Page - Index.execute() is error
org.springframework.jdbc.CannotGetJdbcConnectionException: Could not get JDBC Connection; nested exception is org.apache.commons.dbcp.SQLNestedException: Cannot create PoolableConnectionFactory (null,  message from server: "Host '202.96.118.65' is not allowed to connect to this MySQL server")
	at org.springframework.orm.ibatis.SqlMapClientTemplate.execute(SqlMapClientTemplate.java:204)
	at org.springframework.orm.ibatis.SqlMapClientTemplate.queryForObject(SqlMapClientTemplate.java:271)
	at com.hlx.juinfo.dal.biz.dal.dao.impl.MovieDAOImpl.countByParam(MovieDAOImpl.java:87)
	at com.hlx.juinfo.common.service.MovieService.queryItems(MovieService.java:76)
	at com.hxl.juinfo.web.home.moudle.screen.Page.execute(Page.java:37)
	at com.hxl.juinfo.web.home.moudle.screen.Page$$FastClassByCGLIB$$7bd567ac.invoke(<generated>)
	at net.sf.cglib.reflect.FastMethod.invoke(FastMethod.java:53)
	at com.alibaba.citrus.service.moduleloader.impl.adapter.MethodInvoker.invoke(MethodInvoker.java:72)
	at com.alibaba.citrus.service.moduleloader.impl.adapter.DataBindingAdapter.execute(DataBindingAdapter.java:37)
	at com.alibaba.citrus.turbine.pipeline.valve.PerformScreenValve.performScreenModule(PerformScreenValve.java:100)
	at com.alibaba.citrus.turbine.pipeline.valve.PerformScreenValve.invoke(PerformScreenValve.java:65)
	at com.alibaba.citrus.service.pipeline.impl.PipelineImpl$PipelineContextImpl.invokeNext(PipelineImpl.java:160)
	at com.alibaba.citrus.turbine.pipeline.valve.PerformActionValve.invoke(PerformActionValve.java:103)
	at com.alibaba.citrus.service.pipeline.impl.PipelineImpl$PipelineContextImpl.invokeNext(PipelineImpl.java:160)
	at com.alibaba.citrus.service.pipeline.impl.PipelineImpl$PipelineContextImpl.invoke(PipelineImpl.java:213)
	at com.alibaba.citrus.service.pipeline.impl.valve.ChooseValve.invoke(ChooseValve.java:100)
	at com.alibaba.citrus.service.pipeline.impl.PipelineImpl$PipelineContextImpl.invokeNext(PipelineImpl.java:160)
	at com.alibaba.citrus.service.pipeline.impl.PipelineImpl$PipelineContextImpl.invoke(PipelineImpl.java:213)
	at com.alibaba.citrus.service.pipeline.impl.valve.LoopValve.invokeBody(LoopValve.java:106)
	at com.alibaba.citrus.service.pipeline.impl.valve.LoopValve.invoke(LoopValve.java:84)
	at com.alibaba.citrus.service.pipeline.impl.PipelineImpl$PipelineContextImpl.invokeNext(PipelineImpl.java:160)
	at com.alibaba.citrus.turbine.pipeline.valve.CheckCsrfTokenValve.invoke(CheckCsrfTokenValve.java:127)
	at com.alibaba.citrus.service.pipeline.impl.PipelineImpl$PipelineContextImpl.invokeNext(PipelineImpl.java:160)
	at com.alibaba.citrus.turbine.pipeline.valve.AnalyzeURLValve.invoke(AnalyzeURLValve.java:103)
	at com.alibaba.citrus.service.pipeline.impl.PipelineImpl$PipelineContextImpl.invokeNext(PipelineImpl.java:160)
	at com.alibaba.citrus.turbine.pipeline.valve.SetLoggingContextValve.invoke(SetLoggingContextValve.java:44)
	at com.alibaba.citrus.service.pipeline.impl.PipelineImpl$PipelineContextImpl.invokeNext(PipelineImpl.java:160)
	at com.alibaba.citrus.turbine.pipeline.valve.PrepareForTurbineValve.invoke(PrepareForTurbineValve.java:54)
	at com.alibaba.citrus.service.pipeline.impl.PipelineImpl$PipelineContextImpl.invokeNext(PipelineImpl.java:160)
	at com.alibaba.citrus.service.pipeline.impl.PipelineImpl$PipelineContextImpl.invoke(PipelineImpl.java:213)
	at com.alibaba.citrus.webx.impl.WebxControllerImpl.service(WebxControllerImpl.java:44)
	at com.alibaba.citrus.webx.impl.WebxRootControllerImpl.handleRequest(WebxRootControllerImpl.java:53)
	at com.alibaba.citrus.webx.support.AbstractWebxRootController.service(AbstractWebxRootController.java:156)
	at com.alibaba.citrus.webx.servlet.WebxFrameworkFilter.doFilter(WebxFrameworkFilter.java:141)
	at com.alibaba.citrus.webx.servlet.FilterBean.doFilter(FilterBean.java:164)
	at org.eclipse.jetty.servlet.ServletHandler$CachedChain.doFilter(ServletHandler.java:1322)
	at com.alibaba.citrus.webx.servlet.SetLoggingContextFilter.doFilter(SetLoggingContextFilter.java:62)
	at com.alibaba.citrus.webx.servlet.FilterBean.doFilter(FilterBean.java:164)
	at org.eclipse.jetty.servlet.ServletHandler$CachedChain.doFilter(ServletHandler.java:1322)
	at org.eclipse.jetty.servlet.ServletHandler.doHandle(ServletHandler.java:473)
	at org.eclipse.jetty.server.handler.ScopedHandler.handle(ScopedHandler.java:119)
	at org.eclipse.jetty.security.SecurityHandler.handle(SecurityHandler.java:514)
	at org.eclipse.jetty.server.session.SessionHandler.doHandle(SessionHandler.java:226)
	at org.eclipse.jetty.server.handler.ContextHandler.doHandle(ContextHandler.java:920)
	at org.eclipse.jetty.servlet.ServletHandler.doScope(ServletHandler.java:403)
	at org.eclipse.jetty.server.session.SessionHandler.doScope(SessionHandler.java:184)
	at org.eclipse.jetty.server.handler.ContextHandler.doScope(ContextHandler.java:856)
	at org.eclipse.jetty.server.handler.ScopedHandler.handle(ScopedHandler.java:117)
	at org.eclipse.jetty.server.handler.ContextHandlerCollection.handle(ContextHandlerCollection.java:247)
	at org.eclipse.jetty.server.handler.HandlerCollection.handle(HandlerCollection.java:151)
	at org.eclipse.jetty.server.handler.HandlerWrapper.handle(HandlerWrapper.java:114)
	at org.eclipse.jetty.server.Server.handle(Server.java:352)
	at org.eclipse.jetty.server.HttpConnection.handleRequest(HttpConnection.java:596)
	at org.eclipse.jetty.server.HttpConnection$RequestHandler.headerComplete(HttpConnection.java:1049)
	at org.eclipse.jetty.http.HttpParser.parseNext(HttpParser.java:590)
	at org.eclipse.jetty.http.HttpParser.parseAvailable(HttpParser.java:212)
	at org.eclipse.jetty.server.HttpConnection.handle(HttpConnection.java:426)
	at org.eclipse.jetty.io.nio.SelectChannelEndPoint.handle(SelectChannelEndPoint.java:510)
	at org.eclipse.jetty.io.nio.SelectChannelEndPoint.access$000(SelectChannelEndPoint.java:34)
	at org.eclipse.jetty.io.nio.SelectChannelEndPoint$1.run(SelectChannelEndPoint.java:40)
	at org.eclipse.jetty.util.thread.QueuedThreadPool$2.run(QueuedThreadPool.java:450)
	at java.lang.Thread.run(Thread.java:619)
Caused by: org.apache.commons.dbcp.SQLNestedException: Cannot create PoolableConnectionFactory (null,  message from server: "Host '202.96.118.65' is not allowed to connect to this MySQL server")
	at org.apache.commons.dbcp.BasicDataSource.createDataSource(BasicDataSource.java:855)
	at org.apache.commons.dbcp.BasicDataSource.getConnection(BasicDataSource.java:540)
	at org.springframework.jdbc.datasource.DataSourceUtils.doGetConnection(DataSourceUtils.java:113)
	at org.springframework.orm.ibatis.SqlMapClientTemplate.execute(SqlMapClientTemplate.java:190)
	... 61 more
Caused by: java.sql.SQLException: null,  message from server: "Host '202.96.118.65' is not allowed to connect to this MySQL server"
	at com.mysql.jdbc.SQLError.createSQLException(SQLError.java:1055)
	at com.mysql.jdbc.SQLError.createSQLException(SQLError.java:956)
	at com.mysql.jdbc.MysqlIO.doHandshake(MysqlIO.java:1095)
	at com.mysql.jdbc.ConnectionImpl.createNewIO(ConnectionImpl.java:2031)
	at com.mysql.jdbc.ConnectionImpl.<init>(ConnectionImpl.java:718)
	at com.mysql.jdbc.JDBC4Connection.<init>(JDBC4Connection.java:46)
	at sun.reflect.NativeConstructorAccessorImpl.newInstance0(Native Method)
	at sun.reflect.NativeConstructorAccessorImpl.newInstance(NativeConstructorAccessorImpl.java:39)
	at sun.reflect.DelegatingConstructorAccessorImpl.newInstance(DelegatingConstructorAccessorImpl.java:27)
	at java.lang.reflect.Constructor.newInstance(Constructor.java:513)
	at com.mysql.jdbc.Util.handleNewInstance(Util.java:406)
	at com.mysql.jdbc.ConnectionImpl.getInstance(ConnectionImpl.java:302)
	at com.mysql.jdbc.NonRegisteringDriver.connect(NonRegisteringDriver.java:282)
	at org.apache.commons.dbcp.DriverConnectionFactory.createConnection(DriverConnectionFactory.java:37)
	at org.apache.commons.dbcp.PoolableConnectionFactory.makeObject(PoolableConnectionFactory.java:290)
	at org.apache.commons.dbcp.BasicDataSource.validateConnectionFactory(BasicDataSource.java:877)
	at org.apache.commons.dbcp.BasicDataSource.createDataSource(BasicDataSource.java:851)
	... 64 more
2013-03-27 13:48:58,950 [/home/page.htm] ERROR velocity.VelocityEngine - Left side ($pageList.size()) of '>' operation has null value at /control/page.vm[line 2, column 23]
